[debug] [2022-10-05T05:18:36.230Z] ----------------------------------------------------------------------
[debug] [2022-10-05T05:18:36.232Z] Command:       C:\Program Files\nodejs\node.exe C:\Users\Catta\AppData\Roaming\npm\node_modules\firebase-tools\lib\bin\firebase.js init
[debug] [2022-10-05T05:18:36.232Z] CLI Version:   11.13.0
[debug] [2022-10-05T05:18:36.232Z] Platform:      win32
[debug] [2022-10-05T05:18:36.232Z] Node Version:  v16.17.1
[debug] [2022-10-05T05:18:36.233Z] Time:          Wed Oct 05 2022 00:18:36 GMT-0500 (hora de verano central)
[debug] [2022-10-05T05:18:36.233Z] ----------------------------------------------------------------------
[debug] 
[debug] [2022-10-05T05:18:36.238Z] > command requires scopes: ["email","openid","https://www.googleapis.com/auth/cloudplatformprojects.readonly","https://www.googleapis.com/auth/firebase","https://www.googleapis.com/auth/cloud-platform"]
[debug] [2022-10-05T05:18:36.239Z] > authorizing via signed-in user (eduardo@joybrands.mx)
[info] 
     ######## #### ########  ######## ########     ###     ######  ########
     ##        ##  ##     ## ##       ##     ##  ##   ##  ##       ##
     ######    ##  ########  ######   ########  #########  ######  ######
     ##        ##  ##    ##  ##       ##     ## ##     ##       ## ##
     ##       #### ##     ## ######## ########  ##     ##  ######  ########

You're about to initialize a Firebase project in this directory:

  C:\Users\Catta\Desktop\Petro7-Cargaygana

[info] 
=== Project Setup
[info] 
[info] First, let's associate this project directory with a Firebase project.
[info] You can create multiple project aliases by running firebase use --add, 
[info] but for now we'll just set up a default project.
[info] 
[debug] [2022-10-05T05:19:12.539Z] >>> [apiv2][query] GET https://firebase.googleapis.com/v1beta1/projects pageSize=100
[debug] [2022-10-05T05:19:13.112Z] <<< [apiv2][status] GET https://firebase.googleapis.com/v1beta1/projects 200
[debug] [2022-10-05T05:19:13.112Z] <<< [apiv2][body] GET https://firebase.googleapis.com/v1beta1/projects [omitted]
[info] i  Using project petro711-fb7c1 (petro711) 
[info] 
=== Hosting Setup
[info] 
[info] Your public directory is the folder (relative to your project directory) that
[info] will contain Hosting assets to be uploaded with firebase deploy. If you
[info] have a build process for your assets, use your build's output directory.
[info] 
[debug] [2022-10-05T05:20:45.305Z] >>> [apiv2][query] GET https://www.gstatic.com/firebasejs/releases.json [none]
[debug] [2022-10-05T05:20:45.443Z] <<< [apiv2][status] GET https://www.gstatic.com/firebasejs/releases.json 200
[debug] [2022-10-05T05:20:45.443Z] <<< [apiv2][body] GET https://www.gstatic.com/firebasejs/releases.json {"current":{"version":"9.10.0","browserURL":"https://www.gstatic.com/firebasejs/9.10.0/firebase.js","packageURL":"https://www.gstatic.com/firebasejs/9.10.0/firebase.tgz"},"live":{"version":"9.10","browserURL":"https://www.gstatic.com/firebasejs/live/9.10/firebase.js","packageURL":"https://www.gstatic.com/firebasejs/live/9.10/firebase.tgz"},"components":{"analytics":"https://www.gstatic.com/firebasejs/9.10.0/firebase-analytics.js","app":"https://www.gstatic.com/firebasejs/9.10.0/firebase-app.js","app-check":"https://www.gstatic.com/firebasejs/9.10.0/firebase-app-check.js","auth":"https://www.gstatic.com/firebasejs/9.10.0/firebase-auth.js","auth/cordova":"https://www.gstatic.com/firebasejs/9.10.0/firebase-auth/cordova.js","auth/react-native":"https://www.gstatic.com/firebasejs/9.10.0/firebase-auth/react-native.js","functions":"https://www.gstatic.com/firebasejs/9.10.0/firebase-functions.js","firestore":"https://www.gstatic.com/firebasejs/9.10.0/firebase-firestore.js","firestore/lite":"https://www.gstatic.com/firebasejs/9.10.0/firebase-firestore/lite.js","installations":"https://www.gstatic.com/firebasejs/9.10.0/firebase-installations.js","storage":"https://www.gstatic.com/firebasejs/9.10.0/firebase-storage.js","performance":"https://www.gstatic.com/firebasejs/9.10.0/firebase-performance.js","remote-config":"https://www.gstatic.com/firebasejs/9.10.0/firebase-remote-config.js","messaging":"https://www.gstatic.com/firebasejs/9.10.0/firebase-messaging.js","messaging/sw":"https://www.gstatic.com/firebasejs/9.10.0/firebase-messaging/sw.js","database":"https://www.gstatic.com/firebasejs/9.10.0/firebase-database.js","firestore.memory":"https://www.gstatic.com/firebasejs/9.10.0/firebase-firestore.memory.js"}}
[info] +  Wrote public/index.html 
[info] 
[info] i  Didn't detect a .git folder. Assuming C:\Users\Catta\Desktop\Petro7-Cargaygana is the project root. 
[info] i  Authorizing with GitHub to upload your service account to a GitHub repository's secrets store. 
[info] 
[info] Visit this URL on this device to log in:
[info] https://github.com/login/oauth/authorize?client_id=89cf50f02ac6aaed3484&state=810453651&redirect_uri=http%3A%2F%2Flocalhost%3A9005&scope=read%3Auser%20repo%20public_repo
[info] 
[info] Waiting for authentication...
[debug] [2022-10-05T05:22:30.552Z] >>> [apiv2][query] POST https://github.com/login/oauth/access_token [none]
[debug] [2022-10-05T05:22:30.552Z] >>> [apiv2][body] POST https://github.com/login/oauth/access_token [stream]
[debug] [2022-10-05T05:22:30.914Z] <<< [apiv2][status] POST https://github.com/login/oauth/access_token 200
[debug] [2022-10-05T05:22:30.914Z] <<< [apiv2][body] POST https://github.com/login/oauth/access_token {"access_token":"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","token_type":"bearer","scope":"read:user,repo"}
[debug] [2022-10-05T05:22:30.917Z] >>> [apiv2][query] GET https://api.github.com/user [none]
[debug] [2022-10-05T05:22:31.290Z] <<< [apiv2][status] GET https://api.github.com/user 200
[debug] [2022-10-05T05:22:31.291Z] <<< [apiv2][body] GET https://api.github.com/user {"login":"EdArvizu","id":103292489,"node_id":"U_kgDOBigeSQ","avatar_url":"https://avatars.githubusercontent.com/u/103292489?v=4","gravatar_id":"","url":"https://api.github.com/users/EdArvizu","html_url":"https://github.com/EdArvizu","followers_url":"https://api.github.com/users/EdArvizu/followers","following_url":"https://api.github.com/users/EdArvizu/following{/other_user}","gists_url":"https://api.github.com/users/EdArvizu/gists{/gist_id}","starred_url":"https://api.github.com/users/EdArvizu/starred{/owner}{/repo}","subscriptions_url":"https://api.github.com/users/EdArvizu/subscriptions","organizations_url":"https://api.github.com/users/EdArvizu/orgs","repos_url":"https://api.github.com/users/EdArvizu/repos","events_url":"https://api.github.com/users/EdArvizu/events{/privacy}","received_events_url":"https://api.github.com/users/EdArvizu/received_events","type":"User","site_admin":false,"name":null,"company":null,"blog":"","location":null,"email":null,"hireable":null,"bio":null,"twitter_username":null,"public_repos":6,"public_gists":0,"followers":0,"following":0,"created_at":"2022-04-08T23:37:42Z","updated_at":"2022-10-05T05:22:25Z","private_gists":0,"total_private_repos":0,"owned_private_repos":0,"disk_usage":18784,"collaborators":0,"two_factor_authentication":false,"plan":{"name":"free","space":976562499,"collaborators":0,"private_repos":10000}}
[info] 
[info] +  Success! Logged into GitHub as EdArvizu 
[info] 
[debug] [2022-10-05T05:22:31.299Z] >>> [apiv2][query] GET https://api.github.com/repos/b/actions/secrets/public-key type=owner
[debug] [2022-10-05T05:22:31.576Z] <<< [apiv2][status] GET https://api.github.com/repos/b/actions/secrets/public-key 404
[debug] [2022-10-05T05:22:31.576Z] <<< [apiv2][body] GET https://api.github.com/repos/b/actions/secrets/public-key {"message":"Not Found","documentation_url":"https://docs.github.com/rest"}
[debug] [2022-10-05T05:22:41.016Z] >>> [apiv2][query] GET https://api.github.com/repos/b/actions/secrets/public-key type=owner
[debug] [2022-10-05T05:22:41.315Z] <<< [apiv2][status] GET https://api.github.com/repos/b/actions/secrets/public-key 404
[debug] [2022-10-05T05:22:41.315Z] <<< [apiv2][body] GET https://api.github.com/repos/b/actions/secrets/public-key {"message":"Not Found","documentation_url":"https://docs.github.com/rest"}
[debug] [2022-10-05T05:22:52.784Z] >>> [apiv2][query] GET https://api.github.com/repos/b/actions/secrets/public-key type=owner
[debug] [2022-10-05T05:22:53.069Z] <<< [apiv2][status] GET https://api.github.com/repos/b/actions/secrets/public-key 404
[debug] [2022-10-05T05:22:53.070Z] <<< [apiv2][body] GET https://api.github.com/repos/b/actions/secrets/public-key {"message":"Not Found","documentation_url":"https://docs.github.com/rest"}
[debug] [2022-10-05T05:22:58.208Z] >>> [apiv2][query] GET https://api.github.com/repos/b/actions/secrets/public-key type=owner
[debug] [2022-10-05T05:22:58.479Z] <<< [apiv2][status] GET https://api.github.com/repos/b/actions/secrets/public-key 404
[debug] [2022-10-05T05:22:58.479Z] <<< [apiv2][body] GET https://api.github.com/repos/b/actions/secrets/public-key {"message":"Not Found","documentation_url":"https://docs.github.com/rest"}
[debug] [2022-10-05T05:23:00.752Z] >>> [apiv2][query] GET https://api.github.com/repos/b/actions/secrets/public-key type=owner
[debug] [2022-10-05T05:23:02.045Z] <<< [apiv2][status] GET https://api.github.com/repos/b/actions/secrets/public-key 404
[debug] [2022-10-05T05:23:02.046Z] <<< [apiv2][body] GET https://api.github.com/repos/b/actions/secrets/public-key {"message":"Not Found","documentation_url":"https://docs.github.com/rest"}
[debug] [2022-10-05T05:23:14.512Z] >>> [apiv2][query] GET https://api.github.com/repos/N/actions/secrets/public-key type=owner
[debug] [2022-10-05T05:23:14.793Z] <<< [apiv2][status] GET https://api.github.com/repos/N/actions/secrets/public-key 404
[debug] [2022-10-05T05:23:14.793Z] <<< [apiv2][body] GET https://api.github.com/repos/N/actions/secrets/public-key {"message":"Not Found","documentation_url":"https://docs.github.com/rest"}
[debug] [2022-10-05T05:23:19.912Z] >>> [apiv2][query] GET https://api.github.com/repos/No/actions/secrets/public-key type=owner
[debug] [2022-10-05T05:23:20.180Z] <<< [apiv2][status] GET https://api.github.com/repos/No/actions/secrets/public-key 404
[debug] [2022-10-05T05:23:20.181Z] <<< [apiv2][body] GET https://api.github.com/repos/No/actions/secrets/public-key {"message":"Not Found","documentation_url":"https://docs.github.com/rest"}
[debug] [2022-10-05T05:23:21.424Z] >>> [apiv2][query] GET https://api.github.com/repos/Not/actions/secrets/public-key type=owner
[debug] [2022-10-05T05:23:21.695Z] <<< [apiv2][status] GET https://api.github.com/repos/Not/actions/secrets/public-key 404
[debug] [2022-10-05T05:23:21.696Z] <<< [apiv2][body] GET https://api.github.com/repos/Not/actions/secrets/public-key {"message":"Not Found","documentation_url":"https://docs.github.com/rest"}
